{"D:\\Archblog Application\\ArchBlog\\archblog-frontend\\src\\AppLayout.tsx": {"path":"D:\\Archblog Application\\ArchBlog\\archblog-frontend\\src\\AppLayout.tsx","statementMap":{"0":{"start":{"line":6,"column":18},"end":{"line":22,"column":null}},"1":{"start":{"line":7,"column":2},"end":{"line":20,"column":null}}},"fnMap":{"0":{"name":"(anonymous_0)","decl":{"start":{"line":6,"column":18},"end":{"line":6,"column":24}},"loc":{"start":{"line":6,"column":24},"end":{"line":22,"column":null}},"line":6}},"branchMap":{},"s":{"0":1,"1":1},"f":{"0":1},"b":{},"meta":{"lastBranch":0,"lastFunction":1,"lastStatement":2,"seen":{"s:6:18:22:Infinity":0,"f:6:18:6:24":0,"s:7:2:20:Infinity":1},"fnNames":{}}}
,"D:\\Archblog Application\\ArchBlog\\archblog-frontend\\src\\AppLayoutStyles.tsx": {"path":"D:\\Archblog Application\\ArchBlog\\archblog-frontend\\src\\AppLayoutStyles.tsx","statementMap":{"0":{"start":{"line":4,"column":13},"end":{"line":9,"column":null}},"1":{"start":{"line":4,"column":52},"end":{"line":9,"column":2}},"2":{"start":{"line":11,"column":13},"end":{"line":13,"column":null}},"3":{"start":{"line":11,"column":43},"end":{"line":13,"column":2}},"4":{"start":{"line":15,"column":13},"end":{"line":18,"column":null}},"5":{"start":{"line":15,"column":41},"end":{"line":18,"column":2}},"6":{"start":{"line":20,"column":13},"end":{"line":22,"column":null}},"7":{"start":{"line":20,"column":43},"end":{"line":22,"column":2}}},"fnMap":{"0":{"name":"(anonymous_0)","decl":{"start":{"line":4,"column":43},"end":{"line":4,"column":44}},"loc":{"start":{"line":4,"column":52},"end":{"line":9,"column":2}},"line":4},"1":{"name":"(anonymous_1)","decl":{"start":{"line":11,"column":34},"end":{"line":11,"column":35}},"loc":{"start":{"line":11,"column":43},"end":{"line":13,"column":2}},"line":11},"2":{"name":"(anonymous_2)","decl":{"start":{"line":15,"column":32},"end":{"line":15,"column":33}},"loc":{"start":{"line":15,"column":41},"end":{"line":18,"column":2}},"line":15},"3":{"name":"(anonymous_3)","decl":{"start":{"line":20,"column":34},"end":{"line":20,"column":35}},"loc":{"start":{"line":20,"column":43},"end":{"line":22,"column":2}},"line":20}},"branchMap":{},"s":{"0":1,"1":1,"2":1,"3":1,"4":1,"5":1,"6":1,"7":1},"f":{"0":1,"1":1,"2":1,"3":1},"b":{},"meta":{"lastBranch":0,"lastFunction":4,"lastStatement":8,"seen":{"s:4:13:9:Infinity":0,"f:4:43:4:44":0,"s:4:52:9:2":1,"s:11:13:13:Infinity":2,"f:11:34:11:35":1,"s:11:43:13:2":3,"s:15:13:18:Infinity":4,"f:15:32:15:33":2,"s:15:41:18:2":5,"s:20:13:22:Infinity":6,"f:20:34:20:35":3,"s:20:43:22:2":7},"fnNames":{}}}
,"D:\\Archblog Application\\ArchBlog\\archblog-frontend\\src\\AuthLayout.tsx": {"path":"D:\\Archblog Application\\ArchBlog\\archblog-frontend\\src\\AuthLayout.tsx","statementMap":{"0":{"start":{"line":3,"column":19},"end":{"line":9,"column":null}},"1":{"start":{"line":4,"column":2},"end":{"line":7,"column":null}}},"fnMap":{"0":{"name":"(anonymous_0)","decl":{"start":{"line":3,"column":19},"end":{"line":3,"column":25}},"loc":{"start":{"line":3,"column":25},"end":{"line":9,"column":null}},"line":3}},"branchMap":{},"s":{"0":1,"1":1},"f":{"0":1},"b":{},"meta":{"lastBranch":0,"lastFunction":1,"lastStatement":2,"seen":{"s:3:19:9:Infinity":0,"f:3:19:3:25":0,"s:4:2:7:Infinity":1},"fnNames":{}}}
,"D:\\Archblog Application\\ArchBlog\\archblog-frontend\\src\\components\\EmptyState\\EmptyState.tsx": {"path":"D:\\Archblog Application\\ArchBlog\\archblog-frontend\\src\\components\\EmptyState\\EmptyState.tsx","statementMap":{"0":{"start":{"line":8,"column":19},"end":{"line":17,"column":null}},"1":{"start":{"line":9,"column":2},"end":{"line":15,"column":null}}},"fnMap":{"0":{"name":"(anonymous_0)","decl":{"start":{"line":8,"column":19},"end":{"line":8,"column":20}},"loc":{"start":{"line":8,"column":60},"end":{"line":17,"column":null}},"line":8}},"branchMap":{},"s":{"0":2,"1":2},"f":{"0":2},"b":{},"meta":{"lastBranch":0,"lastFunction":1,"lastStatement":2,"seen":{"s:8:19:17:Infinity":0,"f:8:19:8:20":0,"s:9:2:15:Infinity":1},"fnNames":{}}}
,"D:\\Archblog Application\\ArchBlog\\archblog-frontend\\src\\components\\ErrorModal\\ErrorModal.tsx": {"path":"D:\\Archblog Application\\ArchBlog\\archblog-frontend\\src\\components\\ErrorModal\\ErrorModal.tsx","statementMap":{"0":{"start":{"line":16,"column":19},"end":{"line":30,"column":null}},"1":{"start":{"line":17,"column":2},"end":{"line":28,"column":null}}},"fnMap":{"0":{"name":"(anonymous_0)","decl":{"start":{"line":16,"column":19},"end":{"line":16,"column":20}},"loc":{"start":{"line":16,"column":68},"end":{"line":30,"column":null}},"line":16}},"branchMap":{},"s":{"0":9,"1":89},"f":{"0":89},"b":{},"meta":{"lastBranch":0,"lastFunction":1,"lastStatement":2,"seen":{"s:16:19:30:Infinity":0,"f:16:19:16:20":0,"s:17:2:28:Infinity":1},"fnNames":{}}}
,"D:\\Archblog Application\\ArchBlog\\archblog-frontend\\src\\components\\Loader\\Loader.tsx": {"path":"D:\\Archblog Application\\ArchBlog\\archblog-frontend\\src\\components\\Loader\\Loader.tsx","statementMap":{"0":{"start":{"line":12,"column":6},"end":{"line":30,"column":null}},"1":{"start":{"line":12,"column":77},"end":{"line":30,"column":2}},"2":{"start":{"line":32,"column":15},"end":{"line":35,"column":null}},"3":{"start":{"line":33,"column":2},"end":{"line":35,"column":null}}},"fnMap":{"0":{"name":"(anonymous_0)","decl":{"start":{"line":12,"column":54},"end":{"line":12,"column":55}},"loc":{"start":{"line":12,"column":77},"end":{"line":30,"column":2}},"line":12},"1":{"name":"(anonymous_1)","decl":{"start":{"line":32,"column":15},"end":{"line":32,"column":16}},"loc":{"start":{"line":33,"column":2},"end":{"line":35,"column":null}},"line":33}},"branchMap":{"0":{"loc":{"start":{"line":13,"column":10},"end":{"line":13,"column":null}},"type":"cond-expr","locations":[{"start":{"line":13,"column":18},"end":{"line":13,"column":27}},{"start":{"line":13,"column":27},"end":{"line":13,"column":null}}],"line":13},"1":{"loc":{"start":{"line":18,"column":11},"end":{"line":18,"column":null}},"type":"cond-expr","locations":[{"start":{"line":18,"column":19},"end":{"line":18,"column":40}},{"start":{"line":18,"column":40},"end":{"line":18,"column":null}}],"line":18},"2":{"loc":{"start":{"line":21,"column":12},"end":{"line":21,"column":null}},"type":"cond-expr","locations":[{"start":{"line":21,"column":20},"end":{"line":21,"column":29}},{"start":{"line":21,"column":29},"end":{"line":21,"column":null}}],"line":21},"3":{"loc":{"start":{"line":22,"column":13},"end":{"line":22,"column":null}},"type":"cond-expr","locations":[{"start":{"line":22,"column":21},"end":{"line":22,"column":42}},{"start":{"line":22,"column":42},"end":{"line":22,"column":null}}],"line":22},"4":{"loc":{"start":{"line":26,"column":11},"end":{"line":26,"column":null}},"type":"cond-expr","locations":[{"start":{"line":26,"column":19},"end":{"line":26,"column":24}},{"start":{"line":26,"column":24},"end":{"line":26,"column":null}}],"line":26},"5":{"loc":{"start":{"line":27,"column":12},"end":{"line":27,"column":null}},"type":"cond-expr","locations":[{"start":{"line":27,"column":20},"end":{"line":27,"column":25}},{"start":{"line":27,"column":25},"end":{"line":27,"column":null}}],"line":27},"6":{"loc":{"start":{"line":32,"column":18},"end":{"line":32,"column":32}},"type":"default-arg","locations":[{"start":{"line":32,"column":26},"end":{"line":32,"column":32}}],"line":32}},"s":{"0":9,"1":6,"2":9,"3":6},"f":{"0":6,"1":6},"b":{"0":[1,5],"1":[1,5],"2":[1,5],"3":[1,5],"4":[1,5],"5":[1,5],"6":[6]},"meta":{"lastBranch":7,"lastFunction":2,"lastStatement":4,"seen":{"s:12:6:30:Infinity":0,"f:12:54:12:55":0,"s:12:77:30:2":1,"b:13:18:13:27:13:27:13:Infinity":0,"b:18:19:18:40:18:40:18:Infinity":1,"b:21:20:21:29:21:29:21:Infinity":2,"b:22:21:22:42:22:42:22:Infinity":3,"b:26:19:26:24:26:24:26:Infinity":4,"b:27:20:27:25:27:25:27:Infinity":5,"s:32:15:35:Infinity":2,"f:32:15:32:16":1,"s:33:2:35:Infinity":3,"b:32:26:32:32":6},"fnNames":{}}}
,"D:\\Archblog Application\\ArchBlog\\archblog-frontend\\src\\components\\ProtectedRoute\\ProtectedRoute.tsx": {"path":"D:\\Archblog Application\\ArchBlog\\archblog-frontend\\src\\components\\ProtectedRoute\\ProtectedRoute.tsx","statementMap":{"0":{"start":{"line":3,"column":23},"end":{"line":7,"column":null}},"1":{"start":{"line":4,"column":16},"end":{"line":4,"column":null}},"2":{"start":{"line":6,"column":2},"end":{"line":6,"column":null}}},"fnMap":{"0":{"name":"(anonymous_0)","decl":{"start":{"line":3,"column":23},"end":{"line":3,"column":29}},"loc":{"start":{"line":3,"column":29},"end":{"line":7,"column":null}},"line":3}},"branchMap":{"0":{"loc":{"start":{"line":6,"column":9},"end":{"line":6,"column":null}},"type":"cond-expr","locations":[{"start":{"line":6,"column":17},"end":{"line":6,"column":30}},{"start":{"line":6,"column":30},"end":{"line":6,"column":null}}],"line":6}},"s":{"0":1,"1":2,"2":2},"f":{"0":2},"b":{"0":[1,1]},"meta":{"lastBranch":1,"lastFunction":1,"lastStatement":3,"seen":{"s:3:23:7:Infinity":0,"f:3:23:3:29":0,"s:4:16:4:Infinity":1,"s:6:2:6:Infinity":2,"b:6:17:6:30:6:30:6:Infinity":0},"fnNames":{}}}
,"D:\\Archblog Application\\ArchBlog\\archblog-frontend\\src\\pages\\AddBlog\\AddBlog.tsx": {"path":"D:\\Archblog Application\\ArchBlog\\archblog-frontend\\src\\pages\\AddBlog\\AddBlog.tsx","statementMap":{"0":{"start":{"line":15,"column":16},"end":{"line":107,"column":null}},"1":{"start":{"line":16,"column":38},"end":{"line":16,"column":null}},"2":{"start":{"line":18,"column":30},"end":{"line":21,"column":null}},"3":{"start":{"line":22,"column":28},"end":{"line":22,"column":null}},"4":{"start":{"line":23,"column":32},"end":{"line":23,"column":null}},"5":{"start":{"line":25,"column":2},"end":{"line":29,"column":null}},"6":{"start":{"line":26,"column":4},"end":{"line":28,"column":null}},"7":{"start":{"line":27,"column":6},"end":{"line":27,"column":null}},"8":{"start":{"line":31,"column":23},"end":{"line":40,"column":null}},"9":{"start":{"line":34,"column":28},"end":{"line":34,"column":null}},"10":{"start":{"line":36,"column":4},"end":{"line":39,"column":null}},"11":{"start":{"line":36,"column":27},"end":{"line":39,"column":6}},"12":{"start":{"line":42,"column":23},"end":{"line":52,"column":null}},"13":{"start":{"line":43,"column":4},"end":{"line":43,"column":null}},"14":{"start":{"line":45,"column":4},"end":{"line":51,"column":null}},"15":{"start":{"line":46,"column":6},"end":{"line":46,"column":null}},"16":{"start":{"line":47,"column":6},"end":{"line":47,"column":null}},"17":{"start":{"line":48,"column":6},"end":{"line":48,"column":null}},"18":{"start":{"line":50,"column":6},"end":{"line":50,"column":null}},"19":{"start":{"line":54,"column":2},"end":{"line":54,"column":null}},"20":{"start":{"line":54,"column":15},"end":{"line":54,"column":null}},"21":{"start":{"line":55,"column":2},"end":{"line":55,"column":null}},"22":{"start":{"line":55,"column":17},"end":{"line":55,"column":null}},"23":{"start":{"line":57,"column":2},"end":{"line":105,"column":null}},"24":{"start":{"line":62,"column":23},"end":{"line":62,"column":null}}},"fnMap":{"0":{"name":"(anonymous_0)","decl":{"start":{"line":15,"column":16},"end":{"line":15,"column":22}},"loc":{"start":{"line":15,"column":22},"end":{"line":107,"column":null}},"line":15},"1":{"name":"(anonymous_1)","decl":{"start":{"line":25,"column":12},"end":{"line":25,"column":18}},"loc":{"start":{"line":25,"column":18},"end":{"line":29,"column":5}},"line":25},"2":{"name":"(anonymous_2)","decl":{"start":{"line":31,"column":23},"end":{"line":31,"column":null}},"loc":{"start":{"line":33,"column":7},"end":{"line":40,"column":null}},"line":33},"3":{"name":"(anonymous_3)","decl":{"start":{"line":36,"column":16},"end":{"line":36,"column":17}},"loc":{"start":{"line":36,"column":27},"end":{"line":39,"column":6}},"line":36},"4":{"name":"(anonymous_4)","decl":{"start":{"line":42,"column":23},"end":{"line":42,"column":30}},"loc":{"start":{"line":42,"column":69},"end":{"line":52,"column":null}},"line":42},"5":{"name":"(anonymous_5)","decl":{"start":{"line":62,"column":17},"end":{"line":62,"column":23}},"loc":{"start":{"line":62,"column":23},"end":{"line":62,"column":null}},"line":62}},"branchMap":{"0":{"loc":{"start":{"line":26,"column":4},"end":{"line":28,"column":null}},"type":"if","locations":[{"start":{"line":26,"column":4},"end":{"line":28,"column":null}},{"start":{},"end":{}}],"line":26},"1":{"loc":{"start":{"line":54,"column":2},"end":{"line":54,"column":null}},"type":"if","locations":[{"start":{"line":54,"column":2},"end":{"line":54,"column":null}},{"start":{},"end":{}}],"line":54},"2":{"loc":{"start":{"line":55,"column":2},"end":{"line":55,"column":null}},"type":"if","locations":[{"start":{"line":55,"column":2},"end":{"line":55,"column":null}},{"start":{},"end":{}}],"line":55},"3":{"loc":{"start":{"line":61,"column":17},"end":{"line":61,"column":null}},"type":"cond-expr","locations":[{"start":{"line":61,"column":17},"end":{"line":61,"column":53}},{"start":{"line":61,"column":53},"end":{"line":61,"column":null}}],"line":61}},"s":{"0":1,"1":10,"2":10,"3":10,"4":10,"5":10,"6":4,"7":1,"8":10,"9":4,"10":4,"11":4,"12":10,"13":2,"14":2,"15":2,"16":1,"17":1,"18":1,"19":10,"20":1,"21":9,"22":1,"23":8,"24":0},"f":{"0":10,"1":4,"2":4,"3":4,"4":2,"5":0},"b":{"0":[1,3],"1":[1,9],"2":[1,8],"3":[2,6]},"meta":{"lastBranch":4,"lastFunction":6,"lastStatement":25,"seen":{"s:15:16:107:Infinity":0,"f:15:16:15:22":0,"s:16:38:16:Infinity":1,"s:18:30:21:Infinity":2,"s:22:28:22:Infinity":3,"s:23:32:23:Infinity":4,"s:25:2:29:Infinity":5,"f:25:12:25:18":1,"b:26:4:28:Infinity:undefined:undefined:undefined:undefined":0,"s:26:4:28:Infinity":6,"s:27:6:27:Infinity":7,"s:31:23:40:Infinity":8,"f:31:23:31:Infinity":2,"s:34:28:34:Infinity":9,"s:36:4:39:Infinity":10,"f:36:16:36:17":3,"s:36:27:39:6":11,"s:42:23:52:Infinity":12,"f:42:23:42:30":4,"s:43:4:43:Infinity":13,"s:45:4:51:Infinity":14,"s:46:6:46:Infinity":15,"s:47:6:47:Infinity":16,"s:48:6:48:Infinity":17,"s:50:6:50:Infinity":18,"b:54:2:54:Infinity:undefined:undefined:undefined:undefined":1,"s:54:2:54:Infinity":19,"s:54:15:54:Infinity":20,"b:55:2:55:Infinity:undefined:undefined:undefined:undefined":2,"s:55:2:55:Infinity":21,"s:55:17:55:Infinity":22,"s:57:2:105:Infinity":23,"b:61:17:61:53:61:53:61:Infinity":3,"f:62:17:62:23":5,"s:62:23:62:Infinity":24},"fnNames":{}}}
,"D:\\Archblog Application\\ArchBlog\\archblog-frontend\\src\\pages\\AddBlog\\AddBlogStyles.tsx": {"path":"D:\\Archblog Application\\ArchBlog\\archblog-frontend\\src\\pages\\AddBlog\\AddBlogStyles.tsx","statementMap":{"0":{"start":{"line":3,"column":6},"end":{"line":67,"column":null}},"1":{"start":{"line":3,"column":52},"end":{"line":67,"column":2}}},"fnMap":{"0":{"name":"(anonymous_0)","decl":{"start":{"line":3,"column":36},"end":{"line":3,"column":37}},"loc":{"start":{"line":3,"column":52},"end":{"line":67,"column":2}},"line":3}},"branchMap":{},"s":{"0":1,"1":8},"f":{"0":8},"b":{},"meta":{"lastBranch":0,"lastFunction":1,"lastStatement":2,"seen":{"s:3:6:67:Infinity":0,"f:3:36:3:37":0,"s:3:52:67:2":1},"fnNames":{}}}
,"D:\\Archblog Application\\ArchBlog\\archblog-frontend\\src\\pages\\ForgotPassword\\ForgotPassword.tsx": {"path":"D:\\Archblog Application\\ArchBlog\\archblog-frontend\\src\\pages\\ForgotPassword\\ForgotPassword.tsx","statementMap":{"0":{"start":{"line":16,"column":30},"end":{"line":16,"column":null}},"1":{"start":{"line":17,"column":26},"end":{"line":17,"column":null}},"2":{"start":{"line":18,"column":32},"end":{"line":18,"column":null}},"3":{"start":{"line":19,"column":49},"end":{"line":20,"column":null}},"4":{"start":{"line":21,"column":8},"end":{"line":21,"column":null}},"5":{"start":{"line":23,"column":2},"end":{"line":27,"column":null}},"6":{"start":{"line":24,"column":4},"end":{"line":26,"column":null}},"7":{"start":{"line":25,"column":6},"end":{"line":25,"column":null}},"8":{"start":{"line":29,"column":23},"end":{"line":32,"column":null}},"9":{"start":{"line":30,"column":4},"end":{"line":30,"column":null}},"10":{"start":{"line":31,"column":4},"end":{"line":31,"column":null}},"11":{"start":{"line":34,"column":23},"end":{"line":41,"column":null}},"12":{"start":{"line":35,"column":22},"end":{"line":37,"column":null}},"13":{"start":{"line":39,"column":4},"end":{"line":39,"column":null}},"14":{"start":{"line":40,"column":4},"end":{"line":40,"column":null}},"15":{"start":{"line":43,"column":23},"end":{"line":54,"column":null}},"16":{"start":{"line":44,"column":4},"end":{"line":44,"column":null}},"17":{"start":{"line":46,"column":4},"end":{"line":46,"column":null}},"18":{"start":{"line":46,"column":25},"end":{"line":46,"column":null}},"19":{"start":{"line":48,"column":4},"end":{"line":53,"column":null}},"20":{"start":{"line":49,"column":6},"end":{"line":49,"column":null}},"21":{"start":{"line":50,"column":6},"end":{"line":50,"column":null}},"22":{"start":{"line":52,"column":6},"end":{"line":52,"column":null}},"23":{"start":{"line":56,"column":2},"end":{"line":93,"column":null}},"24":{"start":{"line":61,"column":23},"end":{"line":61,"column":null}}},"fnMap":{"0":{"name":"ForgotPassword","decl":{"start":{"line":15,"column":9},"end":{"line":15,"column":26}},"loc":{"start":{"line":15,"column":26},"end":{"line":95,"column":null}},"line":15},"1":{"name":"(anonymous_1)","decl":{"start":{"line":23,"column":12},"end":{"line":23,"column":18}},"loc":{"start":{"line":23,"column":18},"end":{"line":27,"column":5}},"line":23},"2":{"name":"(anonymous_2)","decl":{"start":{"line":29,"column":23},"end":{"line":29,"column":24}},"loc":{"start":{"line":29,"column":61},"end":{"line":32,"column":null}},"line":29},"3":{"name":"(anonymous_3)","decl":{"start":{"line":34,"column":23},"end":{"line":34,"column":29}},"loc":{"start":{"line":34,"column":29},"end":{"line":41,"column":null}},"line":34},"4":{"name":"(anonymous_4)","decl":{"start":{"line":43,"column":23},"end":{"line":43,"column":30}},"loc":{"start":{"line":43,"column":69},"end":{"line":54,"column":null}},"line":43},"5":{"name":"(anonymous_5)","decl":{"start":{"line":61,"column":17},"end":{"line":61,"column":23}},"loc":{"start":{"line":61,"column":23},"end":{"line":61,"column":null}},"line":61}},"branchMap":{"0":{"loc":{"start":{"line":24,"column":4},"end":{"line":26,"column":null}},"type":"if","locations":[{"start":{"line":24,"column":4},"end":{"line":26,"column":null}},{"start":{},"end":{}}],"line":24},"1":{"loc":{"start":{"line":46,"column":4},"end":{"line":46,"column":null}},"type":"if","locations":[{"start":{"line":46,"column":4},"end":{"line":46,"column":null}},{"start":{},"end":{}}],"line":46},"2":{"loc":{"start":{"line":60,"column":17},"end":{"line":60,"column":null}},"type":"cond-expr","locations":[{"start":{"line":60,"column":17},"end":{"line":60,"column":53}},{"start":{"line":60,"column":53},"end":{"line":60,"column":null}}],"line":60},"3":{"loc":{"start":{"line":81,"column":24},"end":{"line":81,"column":null}},"type":"cond-expr","locations":[{"start":{"line":81,"column":39},"end":{"line":81,"column":61}},{"start":{"line":81,"column":61},"end":{"line":81,"column":null}}],"line":81},"4":{"loc":{"start":{"line":84,"column":11},"end":{"line":89,"column":null}},"type":"cond-expr","locations":[{"start":{"line":85,"column":12},"end":{"line":85,"column":null}},{"start":{"line":87,"column":12},"end":{"line":89,"column":null}}],"line":84}},"s":{"0":10,"1":10,"2":10,"3":10,"4":10,"5":10,"6":4,"7":1,"8":10,"9":2,"10":2,"11":10,"12":3,"13":3,"14":3,"15":10,"16":3,"17":3,"18":1,"19":2,"20":2,"21":1,"22":1,"23":10,"24":0},"f":{"0":10,"1":4,"2":2,"3":3,"4":3,"5":0},"b":{"0":[1,3],"1":[1,2],"2":[2,8],"3":[1,9],"4":[0,10]},"meta":{"lastBranch":5,"lastFunction":6,"lastStatement":25,"seen":{"f:15:9:15:26":0,"s:16:30:16:Infinity":0,"s:17:26:17:Infinity":1,"s:18:32:18:Infinity":2,"s:19:49:20:Infinity":3,"s:21:8:21:Infinity":4,"s:23:2:27:Infinity":5,"f:23:12:23:18":1,"b:24:4:26:Infinity:undefined:undefined:undefined:undefined":0,"s:24:4:26:Infinity":6,"s:25:6:25:Infinity":7,"s:29:23:32:Infinity":8,"f:29:23:29:24":2,"s:30:4:30:Infinity":9,"s:31:4:31:Infinity":10,"s:34:23:41:Infinity":11,"f:34:23:34:29":3,"s:35:22:37:Infinity":12,"s:39:4:39:Infinity":13,"s:40:4:40:Infinity":14,"s:43:23:54:Infinity":15,"f:43:23:43:30":4,"s:44:4:44:Infinity":16,"b:46:4:46:Infinity:undefined:undefined:undefined:undefined":1,"s:46:4:46:Infinity":17,"s:46:25:46:Infinity":18,"s:48:4:53:Infinity":19,"s:49:6:49:Infinity":20,"s:50:6:50:Infinity":21,"s:52:6:52:Infinity":22,"s:56:2:93:Infinity":23,"b:60:17:60:53:60:53:60:Infinity":2,"f:61:17:61:23":5,"s:61:23:61:Infinity":24,"b:81:39:81:61:81:61:81:Infinity":3,"b:85:12:85:Infinity:87:12:89:Infinity":4},"fnNames":{}}}
,"D:\\Archblog Application\\ArchBlog\\archblog-frontend\\src\\pages\\ForgotPassword\\ForgotPasswordStyles.tsx": {"path":"D:\\Archblog Application\\ArchBlog\\archblog-frontend\\src\\pages\\ForgotPassword\\ForgotPasswordStyles.tsx","statementMap":{"0":{"start":{"line":3,"column":6},"end":{"line":96,"column":null}},"1":{"start":{"line":3,"column":59},"end":{"line":96,"column":2}}},"fnMap":{"0":{"name":"(anonymous_0)","decl":{"start":{"line":3,"column":43},"end":{"line":3,"column":44}},"loc":{"start":{"line":3,"column":59},"end":{"line":96,"column":2}},"line":3}},"branchMap":{},"s":{"0":2,"1":22},"f":{"0":22},"b":{},"meta":{"lastBranch":0,"lastFunction":1,"lastStatement":2,"seen":{"s:3:6:96:Infinity":0,"f:3:43:3:44":0,"s:3:59:96:2":1},"fnNames":{}}}
,"D:\\Archblog Application\\ArchBlog\\archblog-frontend\\src\\pages\\Home\\Home.tsx": {"path":"D:\\Archblog Application\\ArchBlog\\archblog-frontend\\src\\pages\\Home\\Home.tsx","statementMap":{"0":{"start":{"line":11,"column":13},"end":{"line":74,"column":null}},"1":{"start":{"line":12,"column":40},"end":{"line":12,"column":null}},"2":{"start":{"line":13,"column":32},"end":{"line":13,"column":null}},"3":{"start":{"line":15,"column":2},"end":{"line":19,"column":null}},"4":{"start":{"line":16,"column":4},"end":{"line":18,"column":null}},"5":{"start":{"line":17,"column":6},"end":{"line":17,"column":null}},"6":{"start":{"line":21,"column":2},"end":{"line":21,"column":null}},"7":{"start":{"line":21,"column":17},"end":{"line":21,"column":null}},"8":{"start":{"line":23,"column":2},"end":{"line":33,"column":null}},"9":{"start":{"line":24,"column":4},"end":{"line":31,"column":null}},"10":{"start":{"line":29,"column":25},"end":{"line":29,"column":null}},"11":{"start":{"line":35,"column":2},"end":{"line":72,"column":null}},"12":{"start":{"line":50,"column":37},"end":{"line":50,"column":null}},"13":{"start":{"line":52,"column":12},"end":{"line":62,"column":null}}},"fnMap":{"0":{"name":"(anonymous_0)","decl":{"start":{"line":11,"column":13},"end":{"line":11,"column":19}},"loc":{"start":{"line":11,"column":19},"end":{"line":74,"column":null}},"line":11},"1":{"name":"(anonymous_1)","decl":{"start":{"line":15,"column":12},"end":{"line":15,"column":18}},"loc":{"start":{"line":15,"column":18},"end":{"line":19,"column":5}},"line":15},"2":{"name":"(anonymous_2)","decl":{"start":{"line":29,"column":19},"end":{"line":29,"column":25}},"loc":{"start":{"line":29,"column":25},"end":{"line":29,"column":null}},"line":29},"3":{"name":"(anonymous_3)","decl":{"start":{"line":41,"column":10},"end":{"line":41,"column":11}},"loc":{"start":{"line":49,"column":16},"end":{"line":64,"column":null}},"line":49}},"branchMap":{"0":{"loc":{"start":{"line":16,"column":4},"end":{"line":18,"column":null}},"type":"if","locations":[{"start":{"line":16,"column":4},"end":{"line":18,"column":null}},{"start":{},"end":{}}],"line":16},"1":{"loc":{"start":{"line":21,"column":2},"end":{"line":21,"column":null}},"type":"if","locations":[{"start":{"line":21,"column":2},"end":{"line":21,"column":null}},{"start":{},"end":{}}],"line":21},"2":{"loc":{"start":{"line":23,"column":2},"end":{"line":33,"column":null}},"type":"if","locations":[{"start":{"line":23,"column":2},"end":{"line":33,"column":null}},{"start":{},"end":{}}],"line":23},"3":{"loc":{"start":{"line":39,"column":7},"end":{"line":70,"column":null}},"type":"cond-expr","locations":[{"start":{"line":40,"column":8},"end":{"line":65,"column":null}},{"start":{"line":67,"column":8},"end":{"line":70,"column":null}}],"line":39},"4":{"loc":{"start":{"line":39,"column":7},"end":{"line":39,"column":null}},"type":"binary-expr","locations":[{"start":{"line":39,"column":7},"end":{"line":39,"column":16}},{"start":{"line":39,"column":16},"end":{"line":39,"column":null}}],"line":39}},"s":{"0":1,"1":6,"2":6,"3":6,"4":4,"5":1,"6":6,"7":1,"8":5,"9":3,"10":1,"11":2,"12":1,"13":1},"f":{"0":6,"1":4,"2":1,"3":1},"b":{"0":[1,3],"1":[1,5],"2":[3,2],"3":[1,1],"4":[2,2]},"meta":{"lastBranch":5,"lastFunction":4,"lastStatement":14,"seen":{"s:11:13:74:Infinity":0,"f:11:13:11:19":0,"s:12:40:12:Infinity":1,"s:13:32:13:Infinity":2,"s:15:2:19:Infinity":3,"f:15:12:15:18":1,"b:16:4:18:Infinity:undefined:undefined:undefined:undefined":0,"s:16:4:18:Infinity":4,"s:17:6:17:Infinity":5,"b:21:2:21:Infinity:undefined:undefined:undefined:undefined":1,"s:21:2:21:Infinity":6,"s:21:17:21:Infinity":7,"b:23:2:33:Infinity:undefined:undefined:undefined:undefined":2,"s:23:2:33:Infinity":8,"s:24:4:31:Infinity":9,"f:29:19:29:25":2,"s:29:25:29:Infinity":10,"s:35:2:72:Infinity":11,"b:40:8:65:Infinity:67:8:70:Infinity":3,"b:39:7:39:16:39:16:39:Infinity":4,"f:41:10:41:11":3,"s:50:37:50:Infinity":12,"s:52:12:62:Infinity":13},"fnNames":{}}}
,"D:\\Archblog Application\\ArchBlog\\archblog-frontend\\src\\pages\\Home\\HomeStyles.tsx": {"path":"D:\\Archblog Application\\ArchBlog\\archblog-frontend\\src\\pages\\Home\\HomeStyles.tsx","statementMap":{"0":{"start":{"line":3,"column":6},"end":{"line":50,"column":null}},"1":{"start":{"line":3,"column":49},"end":{"line":50,"column":2}}},"fnMap":{"0":{"name":"(anonymous_0)","decl":{"start":{"line":3,"column":33},"end":{"line":3,"column":34}},"loc":{"start":{"line":3,"column":49},"end":{"line":50,"column":2}},"line":3}},"branchMap":{},"s":{"0":1,"1":5},"f":{"0":5},"b":{},"meta":{"lastBranch":0,"lastFunction":1,"lastStatement":2,"seen":{"s:3:6:50:Infinity":0,"f:3:33:3:34":0,"s:3:49:50:2":1},"fnNames":{}}}
,"D:\\Archblog Application\\ArchBlog\\archblog-frontend\\src\\pages\\Login\\Login.tsx": {"path":"D:\\Archblog Application\\ArchBlog\\archblog-frontend\\src\\pages\\Login\\Login.tsx","statementMap":{"0":{"start":{"line":15,"column":14},"end":{"line":130,"column":null}},"1":{"start":{"line":16,"column":30},"end":{"line":16,"column":null}},"2":{"start":{"line":17,"column":26},"end":{"line":17,"column":null}},"3":{"start":{"line":18,"column":32},"end":{"line":18,"column":null}},"4":{"start":{"line":19,"column":8},"end":{"line":19,"column":null}},"5":{"start":{"line":20,"column":40},"end":{"line":20,"column":null}},"6":{"start":{"line":22,"column":2},"end":{"line":26,"column":null}},"7":{"start":{"line":23,"column":4},"end":{"line":25,"column":null}},"8":{"start":{"line":24,"column":6},"end":{"line":24,"column":null}},"9":{"start":{"line":28,"column":23},"end":{"line":31,"column":null}},"10":{"start":{"line":29,"column":4},"end":{"line":29,"column":null}},"11":{"start":{"line":29,"column":27},"end":{"line":29,"column":72}},"12":{"start":{"line":30,"column":4},"end":{"line":30,"column":null}},"13":{"start":{"line":30,"column":25},"end":{"line":30,"column":61}},"14":{"start":{"line":33,"column":23},"end":{"line":41,"column":null}},"15":{"start":{"line":34,"column":22},"end":{"line":37,"column":null}},"16":{"start":{"line":39,"column":4},"end":{"line":39,"column":null}},"17":{"start":{"line":40,"column":4},"end":{"line":40,"column":null}},"18":{"start":{"line":43,"column":23},"end":{"line":57,"column":null}},"19":{"start":{"line":44,"column":4},"end":{"line":44,"column":null}},"20":{"start":{"line":46,"column":4},"end":{"line":46,"column":null}},"21":{"start":{"line":46,"column":25},"end":{"line":46,"column":null}},"22":{"start":{"line":48,"column":4},"end":{"line":56,"column":null}},"23":{"start":{"line":49,"column":30},"end":{"line":49,"column":null}},"24":{"start":{"line":51,"column":6},"end":{"line":51,"column":null}},"25":{"start":{"line":52,"column":6},"end":{"line":52,"column":null}},"26":{"start":{"line":53,"column":6},"end":{"line":53,"column":null}},"27":{"start":{"line":55,"column":6},"end":{"line":55,"column":null}},"28":{"start":{"line":59,"column":2},"end":{"line":128,"column":null}},"29":{"start":{"line":64,"column":23},"end":{"line":64,"column":null}}},"fnMap":{"0":{"name":"(anonymous_0)","decl":{"start":{"line":15,"column":14},"end":{"line":15,"column":20}},"loc":{"start":{"line":15,"column":20},"end":{"line":130,"column":null}},"line":15},"1":{"name":"(anonymous_1)","decl":{"start":{"line":22,"column":12},"end":{"line":22,"column":18}},"loc":{"start":{"line":22,"column":18},"end":{"line":26,"column":5}},"line":22},"2":{"name":"(anonymous_2)","decl":{"start":{"line":28,"column":23},"end":{"line":28,"column":24}},"loc":{"start":{"line":28,"column":61},"end":{"line":31,"column":null}},"line":28},"3":{"name":"(anonymous_3)","decl":{"start":{"line":29,"column":16},"end":{"line":29,"column":17}},"loc":{"start":{"line":29,"column":27},"end":{"line":29,"column":72}},"line":29},"4":{"name":"(anonymous_4)","decl":{"start":{"line":30,"column":14},"end":{"line":30,"column":15}},"loc":{"start":{"line":30,"column":25},"end":{"line":30,"column":61}},"line":30},"5":{"name":"(anonymous_5)","decl":{"start":{"line":33,"column":23},"end":{"line":33,"column":29}},"loc":{"start":{"line":33,"column":29},"end":{"line":41,"column":null}},"line":33},"6":{"name":"(anonymous_6)","decl":{"start":{"line":43,"column":23},"end":{"line":43,"column":30}},"loc":{"start":{"line":43,"column":69},"end":{"line":57,"column":null}},"line":43},"7":{"name":"(anonymous_7)","decl":{"start":{"line":64,"column":17},"end":{"line":64,"column":23}},"loc":{"start":{"line":64,"column":23},"end":{"line":64,"column":null}},"line":64}},"branchMap":{"0":{"loc":{"start":{"line":23,"column":4},"end":{"line":25,"column":null}},"type":"if","locations":[{"start":{"line":23,"column":4},"end":{"line":25,"column":null}},{"start":{},"end":{}}],"line":23},"1":{"loc":{"start":{"line":40,"column":11},"end":{"line":40,"column":null}},"type":"binary-expr","locations":[{"start":{"line":40,"column":11},"end":{"line":40,"column":31}},{"start":{"line":40,"column":31},"end":{"line":40,"column":null}}],"line":40},"2":{"loc":{"start":{"line":46,"column":4},"end":{"line":46,"column":null}},"type":"if","locations":[{"start":{"line":46,"column":4},"end":{"line":46,"column":null}},{"start":{},"end":{}}],"line":46},"3":{"loc":{"start":{"line":63,"column":17},"end":{"line":63,"column":null}},"type":"cond-expr","locations":[{"start":{"line":63,"column":17},"end":{"line":63,"column":53}},{"start":{"line":63,"column":53},"end":{"line":63,"column":null}}],"line":63},"4":{"loc":{"start":{"line":91,"column":24},"end":{"line":91,"column":null}},"type":"cond-expr","locations":[{"start":{"line":91,"column":39},"end":{"line":91,"column":61}},{"start":{"line":91,"column":61},"end":{"line":91,"column":null}}],"line":91},"5":{"loc":{"start":{"line":105,"column":24},"end":{"line":105,"column":null}},"type":"cond-expr","locations":[{"start":{"line":105,"column":42},"end":{"line":105,"column":67}},{"start":{"line":105,"column":67},"end":{"line":105,"column":null}}],"line":105},"6":{"loc":{"start":{"line":112,"column":11},"end":{"line":117,"column":null}},"type":"cond-expr","locations":[{"start":{"line":113,"column":12},"end":{"line":113,"column":null}},{"start":{"line":115,"column":12},"end":{"line":117,"column":null}}],"line":112}},"s":{"0":1,"1":12,"2":12,"3":12,"4":12,"5":12,"6":12,"7":4,"8":1,"9":12,"10":4,"11":4,"12":4,"13":4,"14":12,"15":3,"16":3,"17":3,"18":12,"19":3,"20":3,"21":1,"22":2,"23":2,"24":1,"25":1,"26":1,"27":1,"28":12,"29":0},"f":{"0":12,"1":4,"2":4,"3":4,"4":4,"5":3,"6":3,"7":0},"b":{"0":[1,3],"1":[3,2],"2":[1,2],"3":[2,10],"4":[1,11],"5":[1,11],"6":[0,12]},"meta":{"lastBranch":7,"lastFunction":8,"lastStatement":30,"seen":{"s:15:14:130:Infinity":0,"f:15:14:15:20":0,"s:16:30:16:Infinity":1,"s:17:26:17:Infinity":2,"s:18:32:18:Infinity":3,"s:19:8:19:Infinity":4,"s:20:40:20:Infinity":5,"s:22:2:26:Infinity":6,"f:22:12:22:18":1,"b:23:4:25:Infinity:undefined:undefined:undefined:undefined":0,"s:23:4:25:Infinity":7,"s:24:6:24:Infinity":8,"s:28:23:31:Infinity":9,"f:28:23:28:24":2,"s:29:4:29:Infinity":10,"f:29:16:29:17":3,"s:29:27:29:72":11,"s:30:4:30:Infinity":12,"f:30:14:30:15":4,"s:30:25:30:61":13,"s:33:23:41:Infinity":14,"f:33:23:33:29":5,"s:34:22:37:Infinity":15,"s:39:4:39:Infinity":16,"s:40:4:40:Infinity":17,"b:40:11:40:31:40:31:40:Infinity":1,"s:43:23:57:Infinity":18,"f:43:23:43:30":6,"s:44:4:44:Infinity":19,"b:46:4:46:Infinity:undefined:undefined:undefined:undefined":2,"s:46:4:46:Infinity":20,"s:46:25:46:Infinity":21,"s:48:4:56:Infinity":22,"s:49:30:49:Infinity":23,"s:51:6:51:Infinity":24,"s:52:6:52:Infinity":25,"s:53:6:53:Infinity":26,"s:55:6:55:Infinity":27,"s:59:2:128:Infinity":28,"b:63:17:63:53:63:53:63:Infinity":3,"f:64:17:64:23":7,"s:64:23:64:Infinity":29,"b:91:39:91:61:91:61:91:Infinity":4,"b:105:42:105:67:105:67:105:Infinity":5,"b:113:12:113:Infinity:115:12:117:Infinity":6},"fnNames":{}}}
,"D:\\Archblog Application\\ArchBlog\\archblog-frontend\\src\\pages\\Login\\LoginStyles.tsx": {"path":"D:\\Archblog Application\\ArchBlog\\archblog-frontend\\src\\pages\\Login\\LoginStyles.tsx","statementMap":{"0":{"start":{"line":3,"column":6},"end":{"line":124,"column":null}},"1":{"start":{"line":3,"column":50},"end":{"line":124,"column":2}}},"fnMap":{"0":{"name":"(anonymous_0)","decl":{"start":{"line":3,"column":34},"end":{"line":3,"column":35}},"loc":{"start":{"line":3,"column":50},"end":{"line":124,"column":2}},"line":3}},"branchMap":{},"s":{"0":2,"1":32},"f":{"0":32},"b":{},"meta":{"lastBranch":0,"lastFunction":1,"lastStatement":2,"seen":{"s:3:6:124:Infinity":0,"f:3:34:3:35":0,"s:3:50:124:2":1},"fnNames":{}}}
,"D:\\Archblog Application\\ArchBlog\\archblog-frontend\\src\\pages\\MyBlogs\\MyBlogs.tsx": {"path":"D:\\Archblog Application\\ArchBlog\\archblog-frontend\\src\\pages\\MyBlogs\\MyBlogs.tsx","statementMap":{"0":{"start":{"line":27,"column":16},"end":{"line":198,"column":null}},"1":{"start":{"line":28,"column":40},"end":{"line":28,"column":null}},"2":{"start":{"line":29,"column":43},"end":{"line":29,"column":null}},"3":{"start":{"line":30,"column":39},"end":{"line":30,"column":null}},"4":{"start":{"line":32,"column":34},"end":{"line":32,"column":null}},"5":{"start":{"line":33,"column":34},"end":{"line":36,"column":null}},"6":{"start":{"line":37,"column":32},"end":{"line":37,"column":null}},"7":{"start":{"line":39,"column":2},"end":{"line":43,"column":null}},"8":{"start":{"line":40,"column":4},"end":{"line":42,"column":null}},"9":{"start":{"line":41,"column":6},"end":{"line":41,"column":null}},"10":{"start":{"line":45,"column":23},"end":{"line":57,"column":null}},"11":{"start":{"line":46,"column":20},"end":{"line":48,"column":null}},"12":{"start":{"line":50,"column":4},"end":{"line":50,"column":null}},"13":{"start":{"line":50,"column":18},"end":{"line":50,"column":null}},"14":{"start":{"line":52,"column":4},"end":{"line":56,"column":null}},"15":{"start":{"line":53,"column":6},"end":{"line":53,"column":null}},"16":{"start":{"line":55,"column":6},"end":{"line":55,"column":null}},"17":{"start":{"line":59,"column":26},"end":{"line":65,"column":null}},"18":{"start":{"line":60,"column":4},"end":{"line":60,"column":null}},"19":{"start":{"line":61,"column":4},"end":{"line":64,"column":null}},"20":{"start":{"line":67,"column":23},"end":{"line":73,"column":null}},"21":{"start":{"line":68,"column":4},"end":{"line":68,"column":null}},"22":{"start":{"line":69,"column":4},"end":{"line":72,"column":null}},"23":{"start":{"line":75,"column":21},"end":{"line":82,"column":null}},"24":{"start":{"line":76,"column":4},"end":{"line":81,"column":null}},"25":{"start":{"line":77,"column":6},"end":{"line":77,"column":null}},"26":{"start":{"line":78,"column":6},"end":{"line":78,"column":null}},"27":{"start":{"line":80,"column":6},"end":{"line":80,"column":null}},"28":{"start":{"line":84,"column":23},"end":{"line":89,"column":null}},"29":{"start":{"line":85,"column":4},"end":{"line":88,"column":null}},"30":{"start":{"line":91,"column":2},"end":{"line":91,"column":null}},"31":{"start":{"line":91,"column":17},"end":{"line":91,"column":null}},"32":{"start":{"line":93,"column":23},"end":{"line":93,"column":null}},"33":{"start":{"line":95,"column":2},"end":{"line":196,"column":null}},"34":{"start":{"line":100,"column":23},"end":{"line":100,"column":null}},"35":{"start":{"line":115,"column":14},"end":{"line":115,"column":null}},"36":{"start":{"line":117,"column":35},"end":{"line":117,"column":null}},"37":{"start":{"line":119,"column":10},"end":{"line":187,"column":null}},"38":{"start":{"line":145,"column":39},"end":{"line":145,"column":null}},"39":{"start":{"line":165,"column":41},"end":{"line":165,"column":null}},"40":{"start":{"line":170,"column":61},"end":{"line":170,"column":null}}},"fnMap":{"0":{"name":"(anonymous_0)","decl":{"start":{"line":27,"column":16},"end":{"line":27,"column":22}},"loc":{"start":{"line":27,"column":22},"end":{"line":198,"column":null}},"line":27},"1":{"name":"(anonymous_1)","decl":{"start":{"line":39,"column":12},"end":{"line":39,"column":18}},"loc":{"start":{"line":39,"column":18},"end":{"line":43,"column":5}},"line":39},"2":{"name":"(anonymous_2)","decl":{"start":{"line":45,"column":23},"end":{"line":45,"column":30}},"loc":{"start":{"line":45,"column":45},"end":{"line":57,"column":null}},"line":45},"3":{"name":"(anonymous_3)","decl":{"start":{"line":59,"column":26},"end":{"line":59,"column":27}},"loc":{"start":{"line":59,"column":42},"end":{"line":65,"column":null}},"line":59},"4":{"name":"(anonymous_4)","decl":{"start":{"line":67,"column":23},"end":{"line":67,"column":29}},"loc":{"start":{"line":67,"column":29},"end":{"line":73,"column":null}},"line":67},"5":{"name":"(anonymous_5)","decl":{"start":{"line":75,"column":21},"end":{"line":75,"column":28}},"loc":{"start":{"line":75,"column":43},"end":{"line":82,"column":null}},"line":75},"6":{"name":"(anonymous_6)","decl":{"start":{"line":84,"column":23},"end":{"line":84,"column":24}},"loc":{"start":{"line":84,"column":61},"end":{"line":89,"column":null}},"line":84},"7":{"name":"(anonymous_7)","decl":{"start":{"line":100,"column":17},"end":{"line":100,"column":23}},"loc":{"start":{"line":100,"column":23},"end":{"line":100,"column":null}},"line":100},"8":{"name":"(anonymous_8)","decl":{"start":{"line":106,"column":18},"end":{"line":106,"column":19}},"loc":{"start":{"line":106,"column":28},"end":{"line":189,"column":9}},"line":106},"9":{"name":"(anonymous_9)","decl":{"start":{"line":145,"column":33},"end":{"line":145,"column":39}},"loc":{"start":{"line":145,"column":39},"end":{"line":145,"column":null}},"line":145},"10":{"name":"(anonymous_10)","decl":{"start":{"line":165,"column":35},"end":{"line":165,"column":41}},"loc":{"start":{"line":165,"column":41},"end":{"line":165,"column":null}},"line":165},"11":{"name":"(anonymous_11)","decl":{"start":{"line":170,"column":55},"end":{"line":170,"column":61}},"loc":{"start":{"line":170,"column":61},"end":{"line":170,"column":null}},"line":170}},"branchMap":{"0":{"loc":{"start":{"line":40,"column":4},"end":{"line":42,"column":null}},"type":"if","locations":[{"start":{"line":40,"column":4},"end":{"line":42,"column":null}},{"start":{},"end":{}}],"line":40},"1":{"loc":{"start":{"line":40,"column":8},"end":{"line":40,"column":43}},"type":"binary-expr","locations":[{"start":{"line":40,"column":8},"end":{"line":40,"column":17}},{"start":{"line":40,"column":17},"end":{"line":40,"column":32}},{"start":{"line":40,"column":32},"end":{"line":40,"column":43}}],"line":40},"2":{"loc":{"start":{"line":50,"column":4},"end":{"line":50,"column":null}},"type":"if","locations":[{"start":{"line":50,"column":4},"end":{"line":50,"column":null}},{"start":{},"end":{}}],"line":50},"3":{"loc":{"start":{"line":91,"column":2},"end":{"line":91,"column":null}},"type":"if","locations":[{"start":{"line":91,"column":2},"end":{"line":91,"column":null}},{"start":{},"end":{}}],"line":91},"4":{"loc":{"start":{"line":93,"column":23},"end":{"line":93,"column":null}},"type":"binary-expr","locations":[{"start":{"line":93,"column":23},"end":{"line":93,"column":32}},{"start":{"line":93,"column":32},"end":{"line":93,"column":47}},{"start":{"line":93,"column":47},"end":{"line":93,"column":null}}],"line":93},"5":{"loc":{"start":{"line":99,"column":17},"end":{"line":99,"column":null}},"type":"cond-expr","locations":[{"start":{"line":99,"column":17},"end":{"line":99,"column":67}},{"start":{"line":99,"column":67},"end":{"line":99,"column":null}}],"line":99},"6":{"loc":{"start":{"line":105,"column":7},"end":{"line":194,"column":null}},"type":"cond-expr","locations":[{"start":{"line":106,"column":8},"end":{"line":189,"column":null}},{"start":{"line":191,"column":8},"end":{"line":194,"column":null}}],"line":105},"7":{"loc":{"start":{"line":105,"column":7},"end":{"line":105,"column":null}},"type":"binary-expr","locations":[{"start":{"line":105,"column":7},"end":{"line":105,"column":16}},{"start":{"line":105,"column":16},"end":{"line":105,"column":null}}],"line":105},"8":{"loc":{"start":{"line":121,"column":15},"end":{"line":185,"column":null}},"type":"cond-expr","locations":[{"start":{"line":122,"column":16},"end":{"line":156,"column":null}},{"start":{"line":158,"column":16},"end":{"line":185,"column":null}}],"line":121}},"s":{"0":1,"1":14,"2":14,"3":14,"4":14,"5":14,"6":14,"7":14,"8":6,"9":1,"10":14,"11":2,"12":2,"13":0,"14":2,"15":2,"16":1,"17":14,"18":3,"19":3,"20":14,"21":1,"22":1,"23":14,"24":2,"25":2,"26":1,"27":1,"28":14,"29":2,"30":14,"31":0,"32":14,"33":14,"34":0,"35":13,"36":13,"37":13,"38":2,"39":3,"40":2},"f":{"0":14,"1":6,"2":2,"3":3,"4":1,"5":2,"6":2,"7":0,"8":13,"9":2,"10":3,"11":2},"b":{"0":[1,5],"1":[6,5,5],"2":[0,2],"3":[0,14],"4":[14,12,12],"5":[2,12],"6":[13,1],"7":[14,14],"8":[5,8]},"meta":{"lastBranch":9,"lastFunction":12,"lastStatement":41,"seen":{"s:27:16:198:Infinity":0,"f:27:16:27:22":0,"s:28:40:28:Infinity":1,"s:29:43:29:Infinity":2,"s:30:39:30:Infinity":3,"s:32:34:32:Infinity":4,"s:33:34:36:Infinity":5,"s:37:32:37:Infinity":6,"s:39:2:43:Infinity":7,"f:39:12:39:18":1,"b:40:4:42:Infinity:undefined:undefined:undefined:undefined":0,"s:40:4:42:Infinity":8,"b:40:8:40:17:40:17:40:32:40:32:40:43":1,"s:41:6:41:Infinity":9,"s:45:23:57:Infinity":10,"f:45:23:45:30":2,"s:46:20:48:Infinity":11,"b:50:4:50:Infinity:undefined:undefined:undefined:undefined":2,"s:50:4:50:Infinity":12,"s:50:18:50:Infinity":13,"s:52:4:56:Infinity":14,"s:53:6:53:Infinity":15,"s:55:6:55:Infinity":16,"s:59:26:65:Infinity":17,"f:59:26:59:27":3,"s:60:4:60:Infinity":18,"s:61:4:64:Infinity":19,"s:67:23:73:Infinity":20,"f:67:23:67:29":4,"s:68:4:68:Infinity":21,"s:69:4:72:Infinity":22,"s:75:21:82:Infinity":23,"f:75:21:75:28":5,"s:76:4:81:Infinity":24,"s:77:6:77:Infinity":25,"s:78:6:78:Infinity":26,"s:80:6:80:Infinity":27,"s:84:23:89:Infinity":28,"f:84:23:84:24":6,"s:85:4:88:Infinity":29,"b:91:2:91:Infinity:undefined:undefined:undefined:undefined":3,"s:91:2:91:Infinity":30,"s:91:17:91:Infinity":31,"s:93:23:93:Infinity":32,"b:93:23:93:32:93:32:93:47:93:47:93:Infinity":4,"s:95:2:196:Infinity":33,"b:99:17:99:67:99:67:99:Infinity":5,"f:100:17:100:23":7,"s:100:23:100:Infinity":34,"b:106:8:189:Infinity:191:8:194:Infinity":6,"b:105:7:105:16:105:16:105:Infinity":7,"f:106:18:106:19":8,"s:115:14:115:Infinity":35,"s:117:35:117:Infinity":36,"s:119:10:187:Infinity":37,"b:122:16:156:Infinity:158:16:185:Infinity":8,"f:145:33:145:39":9,"s:145:39:145:Infinity":38,"f:165:35:165:41":10,"s:165:41:165:Infinity":39,"f:170:55:170:61":11,"s:170:61:170:Infinity":40},"fnNames":{}}}
,"D:\\Archblog Application\\ArchBlog\\archblog-frontend\\src\\pages\\MyBlogs\\MyBlogsStyles.tsx": {"path":"D:\\Archblog Application\\ArchBlog\\archblog-frontend\\src\\pages\\MyBlogs\\MyBlogsStyles.tsx","statementMap":{"0":{"start":{"line":3,"column":6},"end":{"line":65,"column":null}},"1":{"start":{"line":3,"column":52},"end":{"line":65,"column":2}}},"fnMap":{"0":{"name":"(anonymous_0)","decl":{"start":{"line":3,"column":36},"end":{"line":3,"column":37}},"loc":{"start":{"line":3,"column":52},"end":{"line":65,"column":2}},"line":3}},"branchMap":{},"s":{"0":1,"1":14},"f":{"0":14},"b":{},"meta":{"lastBranch":0,"lastFunction":1,"lastStatement":2,"seen":{"s:3:6:65:Infinity":0,"f:3:36:3:37":0,"s:3:52:65:2":1},"fnNames":{}}}
,"D:\\Archblog Application\\ArchBlog\\archblog-frontend\\src\\pages\\Profile\\Profile.tsx": {"path":"D:\\Archblog Application\\ArchBlog\\archblog-frontend\\src\\pages\\Profile\\Profile.tsx","statementMap":{"0":{"start":{"line":18,"column":16},"end":{"line":143,"column":null}},"1":{"start":{"line":19,"column":8},"end":{"line":19,"column":null}},"2":{"start":{"line":20,"column":39},"end":{"line":20,"column":null}},"3":{"start":{"line":21,"column":43},"end":{"line":21,"column":null}},"4":{"start":{"line":23,"column":30},"end":{"line":28,"column":null}},"5":{"start":{"line":29,"column":32},"end":{"line":29,"column":null}},"6":{"start":{"line":31,"column":2},"end":{"line":40,"column":null}},"7":{"start":{"line":32,"column":4},"end":{"line":39,"column":null}},"8":{"start":{"line":33,"column":6},"end":{"line":38,"column":null}},"9":{"start":{"line":42,"column":2},"end":{"line":46,"column":null}},"10":{"start":{"line":43,"column":4},"end":{"line":45,"column":null}},"11":{"start":{"line":44,"column":6},"end":{"line":44,"column":null}},"12":{"start":{"line":48,"column":23},"end":{"line":53,"column":null}},"13":{"start":{"line":49,"column":4},"end":{"line":52,"column":null}},"14":{"start":{"line":49,"column":27},"end":{"line":52,"column":6}},"15":{"start":{"line":55,"column":23},"end":{"line":63,"column":null}},"16":{"start":{"line":56,"column":4},"end":{"line":56,"column":null}},"17":{"start":{"line":58,"column":4},"end":{"line":62,"column":null}},"18":{"start":{"line":59,"column":6},"end":{"line":59,"column":null}},"19":{"start":{"line":61,"column":6},"end":{"line":61,"column":null}},"20":{"start":{"line":65,"column":23},"end":{"line":68,"column":null}},"21":{"start":{"line":66,"column":4},"end":{"line":66,"column":null}},"22":{"start":{"line":67,"column":4},"end":{"line":67,"column":null}},"23":{"start":{"line":70,"column":2},"end":{"line":70,"column":null}},"24":{"start":{"line":70,"column":17},"end":{"line":70,"column":null}},"25":{"start":{"line":72,"column":23},"end":{"line":72,"column":null}},"26":{"start":{"line":74,"column":2},"end":{"line":141,"column":null}},"27":{"start":{"line":79,"column":23},"end":{"line":79,"column":null}}},"fnMap":{"0":{"name":"(anonymous_0)","decl":{"start":{"line":18,"column":16},"end":{"line":18,"column":22}},"loc":{"start":{"line":18,"column":22},"end":{"line":143,"column":null}},"line":18},"1":{"name":"(anonymous_1)","decl":{"start":{"line":31,"column":12},"end":{"line":31,"column":18}},"loc":{"start":{"line":31,"column":18},"end":{"line":40,"column":5}},"line":31},"2":{"name":"(anonymous_2)","decl":{"start":{"line":42,"column":12},"end":{"line":42,"column":18}},"loc":{"start":{"line":42,"column":18},"end":{"line":46,"column":5}},"line":42},"3":{"name":"(anonymous_3)","decl":{"start":{"line":48,"column":23},"end":{"line":48,"column":24}},"loc":{"start":{"line":48,"column":61},"end":{"line":53,"column":null}},"line":48},"4":{"name":"(anonymous_4)","decl":{"start":{"line":49,"column":16},"end":{"line":49,"column":17}},"loc":{"start":{"line":49,"column":27},"end":{"line":52,"column":6}},"line":49},"5":{"name":"(anonymous_5)","decl":{"start":{"line":55,"column":23},"end":{"line":55,"column":30}},"loc":{"start":{"line":55,"column":69},"end":{"line":63,"column":null}},"line":55},"6":{"name":"(anonymous_6)","decl":{"start":{"line":65,"column":23},"end":{"line":65,"column":29}},"loc":{"start":{"line":65,"column":29},"end":{"line":68,"column":null}},"line":65},"7":{"name":"(anonymous_7)","decl":{"start":{"line":79,"column":17},"end":{"line":79,"column":23}},"loc":{"start":{"line":79,"column":23},"end":{"line":79,"column":null}},"line":79}},"branchMap":{"0":{"loc":{"start":{"line":32,"column":4},"end":{"line":39,"column":null}},"type":"if","locations":[{"start":{"line":32,"column":4},"end":{"line":39,"column":null}},{"start":{},"end":{}}],"line":32},"1":{"loc":{"start":{"line":34,"column":19},"end":{"line":34,"column":null}},"type":"binary-expr","locations":[{"start":{"line":34,"column":19},"end":{"line":34,"column":37}},{"start":{"line":34,"column":37},"end":{"line":34,"column":null}}],"line":34},"2":{"loc":{"start":{"line":35,"column":18},"end":{"line":35,"column":null}},"type":"binary-expr","locations":[{"start":{"line":35,"column":18},"end":{"line":35,"column":35}},{"start":{"line":35,"column":35},"end":{"line":35,"column":null}}],"line":35},"3":{"loc":{"start":{"line":36,"column":16},"end":{"line":36,"column":null}},"type":"binary-expr","locations":[{"start":{"line":36,"column":16},"end":{"line":36,"column":31}},{"start":{"line":36,"column":31},"end":{"line":36,"column":null}}],"line":36},"4":{"loc":{"start":{"line":37,"column":21},"end":{"line":37,"column":null}},"type":"binary-expr","locations":[{"start":{"line":37,"column":21},"end":{"line":37,"column":41}},{"start":{"line":37,"column":41},"end":{"line":37,"column":null}}],"line":37},"5":{"loc":{"start":{"line":43,"column":4},"end":{"line":45,"column":null}},"type":"if","locations":[{"start":{"line":43,"column":4},"end":{"line":45,"column":null}},{"start":{},"end":{}}],"line":43},"6":{"loc":{"start":{"line":43,"column":8},"end":{"line":43,"column":30}},"type":"binary-expr","locations":[{"start":{"line":43,"column":8},"end":{"line":43,"column":17}},{"start":{"line":43,"column":17},"end":{"line":43,"column":30}}],"line":43},"7":{"loc":{"start":{"line":70,"column":2},"end":{"line":70,"column":null}},"type":"if","locations":[{"start":{"line":70,"column":2},"end":{"line":70,"column":null}},{"start":{},"end":{}}],"line":70},"8":{"loc":{"start":{"line":72,"column":23},"end":{"line":72,"column":null}},"type":"binary-expr","locations":[{"start":{"line":72,"column":23},"end":{"line":72,"column":32}},{"start":{"line":72,"column":32},"end":{"line":72,"column":null}}],"line":72},"9":{"loc":{"start":{"line":78,"column":17},"end":{"line":78,"column":null}},"type":"cond-expr","locations":[{"start":{"line":78,"column":17},"end":{"line":78,"column":67}},{"start":{"line":78,"column":67},"end":{"line":78,"column":null}}],"line":78}},"s":{"0":1,"1":9,"2":9,"3":9,"4":9,"5":9,"6":9,"7":4,"8":4,"9":9,"10":4,"11":1,"12":9,"13":1,"14":1,"15":9,"16":1,"17":1,"18":1,"19":0,"20":9,"21":1,"22":1,"23":9,"24":2,"25":7,"26":9,"27":0},"f":{"0":9,"1":4,"2":4,"3":1,"4":1,"5":1,"6":1,"7":0},"b":{"0":[4,0],"1":[4,0],"2":[4,0],"3":[4,0],"4":[4,0],"5":[1,3],"6":[4,3],"7":[2,7],"8":[7,5],"9":[2,5]},"meta":{"lastBranch":10,"lastFunction":8,"lastStatement":28,"seen":{"s:18:16:143:Infinity":0,"f:18:16:18:22":0,"s:19:8:19:Infinity":1,"s:20:39:20:Infinity":2,"s:21:43:21:Infinity":3,"s:23:30:28:Infinity":4,"s:29:32:29:Infinity":5,"s:31:2:40:Infinity":6,"f:31:12:31:18":1,"b:32:4:39:Infinity:undefined:undefined:undefined:undefined":0,"s:32:4:39:Infinity":7,"s:33:6:38:Infinity":8,"b:34:19:34:37:34:37:34:Infinity":1,"b:35:18:35:35:35:35:35:Infinity":2,"b:36:16:36:31:36:31:36:Infinity":3,"b:37:21:37:41:37:41:37:Infinity":4,"s:42:2:46:Infinity":9,"f:42:12:42:18":2,"b:43:4:45:Infinity:undefined:undefined:undefined:undefined":5,"s:43:4:45:Infinity":10,"b:43:8:43:17:43:17:43:30":6,"s:44:6:44:Infinity":11,"s:48:23:53:Infinity":12,"f:48:23:48:24":3,"s:49:4:52:Infinity":13,"f:49:16:49:17":4,"s:49:27:52:6":14,"s:55:23:63:Infinity":15,"f:55:23:55:30":5,"s:56:4:56:Infinity":16,"s:58:4:62:Infinity":17,"s:59:6:59:Infinity":18,"s:61:6:61:Infinity":19,"s:65:23:68:Infinity":20,"f:65:23:65:29":6,"s:66:4:66:Infinity":21,"s:67:4:67:Infinity":22,"b:70:2:70:Infinity:undefined:undefined:undefined:undefined":7,"s:70:2:70:Infinity":23,"s:70:17:70:Infinity":24,"s:72:23:72:Infinity":25,"b:72:23:72:32:72:32:72:Infinity":8,"s:74:2:141:Infinity":26,"b:78:17:78:67:78:67:78:Infinity":9,"f:79:17:79:23":7,"s:79:23:79:Infinity":27},"fnNames":{}}}
,"D:\\Archblog Application\\ArchBlog\\archblog-frontend\\src\\pages\\Profile\\ProfileStyles.tsx": {"path":"D:\\Archblog Application\\ArchBlog\\archblog-frontend\\src\\pages\\Profile\\ProfileStyles.tsx","statementMap":{"0":{"start":{"line":3,"column":6},"end":{"line":73,"column":null}},"1":{"start":{"line":3,"column":52},"end":{"line":73,"column":2}}},"fnMap":{"0":{"name":"(anonymous_0)","decl":{"start":{"line":3,"column":36},"end":{"line":3,"column":37}},"loc":{"start":{"line":3,"column":52},"end":{"line":73,"column":2}},"line":3}},"branchMap":{},"s":{"0":1,"1":7},"f":{"0":7},"b":{},"meta":{"lastBranch":0,"lastFunction":1,"lastStatement":2,"seen":{"s:3:6:73:Infinity":0,"f:3:36:3:37":0,"s:3:52:73:2":1},"fnNames":{}}}
,"D:\\Archblog Application\\ArchBlog\\archblog-frontend\\src\\pages\\ResetPassword\\ResetPassword.tsx": {"path":"D:\\Archblog Application\\ArchBlog\\archblog-frontend\\src\\pages\\ResetPassword\\ResetPassword.tsx","statementMap":{"0":{"start":{"line":16,"column":30},"end":{"line":16,"column":null}},"1":{"start":{"line":17,"column":26},"end":{"line":20,"column":null}},"2":{"start":{"line":21,"column":32},"end":{"line":21,"column":null}},"3":{"start":{"line":22,"column":48},"end":{"line":23,"column":null}},"4":{"start":{"line":24,"column":8},"end":{"line":24,"column":null}},"5":{"start":{"line":26,"column":2},"end":{"line":30,"column":null}},"6":{"start":{"line":27,"column":4},"end":{"line":29,"column":null}},"7":{"start":{"line":28,"column":6},"end":{"line":28,"column":null}},"8":{"start":{"line":32,"column":23},"end":{"line":42,"column":null}},"9":{"start":{"line":33,"column":4},"end":{"line":36,"column":null}},"10":{"start":{"line":38,"column":4},"end":{"line":41,"column":null}},"11":{"start":{"line":44,"column":23},"end":{"line":53,"column":null}},"12":{"start":{"line":45,"column":22},"end":{"line":48,"column":null}},"13":{"start":{"line":50,"column":4},"end":{"line":50,"column":null}},"14":{"start":{"line":52,"column":4},"end":{"line":52,"column":null}},"15":{"start":{"line":55,"column":23},"end":{"line":66,"column":null}},"16":{"start":{"line":56,"column":4},"end":{"line":56,"column":null}},"17":{"start":{"line":58,"column":4},"end":{"line":58,"column":null}},"18":{"start":{"line":58,"column":25},"end":{"line":58,"column":null}},"19":{"start":{"line":60,"column":4},"end":{"line":65,"column":null}},"20":{"start":{"line":61,"column":6},"end":{"line":61,"column":null}},"21":{"start":{"line":62,"column":6},"end":{"line":62,"column":null}},"22":{"start":{"line":64,"column":6},"end":{"line":64,"column":null}},"23":{"start":{"line":68,"column":2},"end":{"line":119,"column":null}},"24":{"start":{"line":73,"column":23},"end":{"line":73,"column":null}}},"fnMap":{"0":{"name":"ResetPassword","decl":{"start":{"line":15,"column":9},"end":{"line":15,"column":25}},"loc":{"start":{"line":15,"column":25},"end":{"line":121,"column":null}},"line":15},"1":{"name":"(anonymous_1)","decl":{"start":{"line":26,"column":12},"end":{"line":26,"column":18}},"loc":{"start":{"line":26,"column":18},"end":{"line":30,"column":5}},"line":26},"2":{"name":"(anonymous_2)","decl":{"start":{"line":32,"column":23},"end":{"line":32,"column":24}},"loc":{"start":{"line":32,"column":61},"end":{"line":42,"column":null}},"line":32},"3":{"name":"(anonymous_3)","decl":{"start":{"line":44,"column":23},"end":{"line":44,"column":29}},"loc":{"start":{"line":44,"column":29},"end":{"line":53,"column":null}},"line":44},"4":{"name":"(anonymous_4)","decl":{"start":{"line":55,"column":23},"end":{"line":55,"column":30}},"loc":{"start":{"line":55,"column":69},"end":{"line":66,"column":null}},"line":55},"5":{"name":"(anonymous_5)","decl":{"start":{"line":73,"column":17},"end":{"line":73,"column":23}},"loc":{"start":{"line":73,"column":23},"end":{"line":73,"column":null}},"line":73}},"branchMap":{"0":{"loc":{"start":{"line":27,"column":4},"end":{"line":29,"column":null}},"type":"if","locations":[{"start":{"line":27,"column":4},"end":{"line":29,"column":null}},{"start":{},"end":{}}],"line":27},"1":{"loc":{"start":{"line":52,"column":11},"end":{"line":52,"column":null}},"type":"binary-expr","locations":[{"start":{"line":52,"column":11},"end":{"line":52,"column":29}},{"start":{"line":52,"column":29},"end":{"line":52,"column":null}}],"line":52},"2":{"loc":{"start":{"line":58,"column":4},"end":{"line":58,"column":null}},"type":"if","locations":[{"start":{"line":58,"column":4},"end":{"line":58,"column":null}},{"start":{},"end":{}}],"line":58},"3":{"loc":{"start":{"line":72,"column":17},"end":{"line":72,"column":null}},"type":"cond-expr","locations":[{"start":{"line":72,"column":17},"end":{"line":72,"column":53}},{"start":{"line":72,"column":53},"end":{"line":72,"column":null}}],"line":72},"4":{"loc":{"start":{"line":93,"column":24},"end":{"line":93,"column":null}},"type":"cond-expr","locations":[{"start":{"line":93,"column":37},"end":{"line":93,"column":57}},{"start":{"line":93,"column":57},"end":{"line":93,"column":null}}],"line":93},"5":{"loc":{"start":{"line":107,"column":24},"end":{"line":107,"column":null}},"type":"cond-expr","locations":[{"start":{"line":107,"column":45},"end":{"line":107,"column":74}},{"start":{"line":107,"column":74},"end":{"line":107,"column":null}}],"line":107},"6":{"loc":{"start":{"line":110,"column":11},"end":{"line":115,"column":null}},"type":"cond-expr","locations":[{"start":{"line":111,"column":12},"end":{"line":111,"column":null}},{"start":{"line":113,"column":12},"end":{"line":115,"column":null}}],"line":110}},"s":{"0":12,"1":12,"2":12,"3":12,"4":12,"5":12,"6":4,"7":1,"8":12,"9":4,"10":4,"11":12,"12":3,"13":3,"14":3,"15":12,"16":3,"17":3,"18":1,"19":2,"20":2,"21":1,"22":1,"23":12,"24":0},"f":{"0":12,"1":4,"2":4,"3":3,"4":3,"5":0},"b":{"0":[1,3],"1":[3,2],"2":[1,2],"3":[2,10],"4":[1,11],"5":[1,11],"6":[0,12]},"meta":{"lastBranch":7,"lastFunction":6,"lastStatement":25,"seen":{"f:15:9:15:25":0,"s:16:30:16:Infinity":0,"s:17:26:20:Infinity":1,"s:21:32:21:Infinity":2,"s:22:48:23:Infinity":3,"s:24:8:24:Infinity":4,"s:26:2:30:Infinity":5,"f:26:12:26:18":1,"b:27:4:29:Infinity:undefined:undefined:undefined:undefined":0,"s:27:4:29:Infinity":6,"s:28:6:28:Infinity":7,"s:32:23:42:Infinity":8,"f:32:23:32:24":2,"s:33:4:36:Infinity":9,"s:38:4:41:Infinity":10,"s:44:23:53:Infinity":11,"f:44:23:44:29":3,"s:45:22:48:Infinity":12,"s:50:4:50:Infinity":13,"s:52:4:52:Infinity":14,"b:52:11:52:29:52:29:52:Infinity":1,"s:55:23:66:Infinity":15,"f:55:23:55:30":4,"s:56:4:56:Infinity":16,"b:58:4:58:Infinity:undefined:undefined:undefined:undefined":2,"s:58:4:58:Infinity":17,"s:58:25:58:Infinity":18,"s:60:4:65:Infinity":19,"s:61:6:61:Infinity":20,"s:62:6:62:Infinity":21,"s:64:6:64:Infinity":22,"s:68:2:119:Infinity":23,"b:72:17:72:53:72:53:72:Infinity":3,"f:73:17:73:23":5,"s:73:23:73:Infinity":24,"b:93:37:93:57:93:57:93:Infinity":4,"b:107:45:107:74:107:74:107:Infinity":5,"b:111:12:111:Infinity:113:12:115:Infinity":6},"fnNames":{}}}
,"D:\\Archblog Application\\ArchBlog\\archblog-frontend\\src\\pages\\SignUp\\SignUp.tsx": {"path":"D:\\Archblog Application\\ArchBlog\\archblog-frontend\\src\\pages\\SignUp\\SignUp.tsx","statementMap":{"0":{"start":{"line":15,"column":15},"end":{"line":202,"column":null}},"1":{"start":{"line":16,"column":23},"end":{"line":23,"column":null}},"2":{"start":{"line":25,"column":30},"end":{"line":25,"column":null}},"3":{"start":{"line":26,"column":26},"end":{"line":26,"column":null}},"4":{"start":{"line":27,"column":32},"end":{"line":27,"column":null}},"5":{"start":{"line":28,"column":8},"end":{"line":28,"column":null}},"6":{"start":{"line":29,"column":43},"end":{"line":29,"column":null}},"7":{"start":{"line":31,"column":2},"end":{"line":35,"column":null}},"8":{"start":{"line":32,"column":4},"end":{"line":34,"column":null}},"9":{"start":{"line":33,"column":6},"end":{"line":33,"column":null}},"10":{"start":{"line":37,"column":23},"end":{"line":49,"column":null}},"11":{"start":{"line":38,"column":28},"end":{"line":38,"column":null}},"12":{"start":{"line":40,"column":4},"end":{"line":43,"column":null}},"13":{"start":{"line":40,"column":27},"end":{"line":43,"column":6}},"14":{"start":{"line":45,"column":4},"end":{"line":48,"column":null}},"15":{"start":{"line":45,"column":25},"end":{"line":48,"column":6}},"16":{"start":{"line":51,"column":23},"end":{"line":63,"column":null}},"17":{"start":{"line":52,"column":47},"end":{"line":52,"column":null}},"18":{"start":{"line":54,"column":4},"end":{"line":58,"column":null}},"19":{"start":{"line":55,"column":6},"end":{"line":57,"column":null}},"20":{"start":{"line":56,"column":8},"end":{"line":56,"column":null}},"21":{"start":{"line":60,"column":4},"end":{"line":60,"column":null}},"22":{"start":{"line":62,"column":4},"end":{"line":62,"column":null}},"23":{"start":{"line":65,"column":23},"end":{"line":76,"column":null}},"24":{"start":{"line":66,"column":4},"end":{"line":66,"column":null}},"25":{"start":{"line":68,"column":4},"end":{"line":68,"column":null}},"26":{"start":{"line":68,"column":25},"end":{"line":68,"column":null}},"27":{"start":{"line":70,"column":4},"end":{"line":75,"column":null}},"28":{"start":{"line":71,"column":6},"end":{"line":71,"column":null}},"29":{"start":{"line":72,"column":6},"end":{"line":72,"column":null}},"30":{"start":{"line":74,"column":6},"end":{"line":74,"column":null}},"31":{"start":{"line":78,"column":2},"end":{"line":200,"column":null}},"32":{"start":{"line":83,"column":23},"end":{"line":83,"column":null}}},"fnMap":{"0":{"name":"(anonymous_0)","decl":{"start":{"line":15,"column":15},"end":{"line":15,"column":21}},"loc":{"start":{"line":15,"column":21},"end":{"line":202,"column":null}},"line":15},"1":{"name":"(anonymous_1)","decl":{"start":{"line":31,"column":12},"end":{"line":31,"column":18}},"loc":{"start":{"line":31,"column":18},"end":{"line":35,"column":5}},"line":31},"2":{"name":"(anonymous_2)","decl":{"start":{"line":37,"column":23},"end":{"line":37,"column":24}},"loc":{"start":{"line":37,"column":61},"end":{"line":49,"column":null}},"line":37},"3":{"name":"(anonymous_3)","decl":{"start":{"line":40,"column":16},"end":{"line":40,"column":17}},"loc":{"start":{"line":40,"column":27},"end":{"line":43,"column":6}},"line":40},"4":{"name":"(anonymous_4)","decl":{"start":{"line":45,"column":14},"end":{"line":45,"column":15}},"loc":{"start":{"line":45,"column":25},"end":{"line":48,"column":6}},"line":45},"5":{"name":"(anonymous_5)","decl":{"start":{"line":51,"column":23},"end":{"line":51,"column":29}},"loc":{"start":{"line":51,"column":29},"end":{"line":63,"column":null}},"line":51},"6":{"name":"(anonymous_6)","decl":{"start":{"line":54,"column":37},"end":{"line":54,"column":38}},"loc":{"start":{"line":54,"column":57},"end":{"line":58,"column":5}},"line":54},"7":{"name":"(anonymous_7)","decl":{"start":{"line":65,"column":23},"end":{"line":65,"column":30}},"loc":{"start":{"line":65,"column":69},"end":{"line":76,"column":null}},"line":65},"8":{"name":"(anonymous_8)","decl":{"start":{"line":83,"column":17},"end":{"line":83,"column":23}},"loc":{"start":{"line":83,"column":23},"end":{"line":83,"column":null}},"line":83}},"branchMap":{"0":{"loc":{"start":{"line":32,"column":4},"end":{"line":34,"column":null}},"type":"if","locations":[{"start":{"line":32,"column":4},"end":{"line":34,"column":null}},{"start":{},"end":{}}],"line":32},"1":{"loc":{"start":{"line":55,"column":6},"end":{"line":57,"column":null}},"type":"if","locations":[{"start":{"line":55,"column":6},"end":{"line":57,"column":null}},{"start":{},"end":{}}],"line":55},"2":{"loc":{"start":{"line":68,"column":4},"end":{"line":68,"column":null}},"type":"if","locations":[{"start":{"line":68,"column":4},"end":{"line":68,"column":null}},{"start":{},"end":{}}],"line":68},"3":{"loc":{"start":{"line":82,"column":17},"end":{"line":82,"column":null}},"type":"cond-expr","locations":[{"start":{"line":82,"column":17},"end":{"line":82,"column":53}},{"start":{"line":82,"column":53},"end":{"line":82,"column":null}}],"line":82},"4":{"loc":{"start":{"line":109,"column":24},"end":{"line":109,"column":null}},"type":"cond-expr","locations":[{"start":{"line":109,"column":43},"end":{"line":109,"column":70}},{"start":{"line":109,"column":70},"end":{"line":109,"column":null}}],"line":109},"5":{"loc":{"start":{"line":122,"column":24},"end":{"line":122,"column":null}},"type":"cond-expr","locations":[{"start":{"line":122,"column":42},"end":{"line":122,"column":68}},{"start":{"line":122,"column":68},"end":{"line":122,"column":null}}],"line":122},"6":{"loc":{"start":{"line":136,"column":24},"end":{"line":136,"column":null}},"type":"cond-expr","locations":[{"start":{"line":136,"column":40},"end":{"line":136,"column":63}},{"start":{"line":136,"column":63},"end":{"line":136,"column":null}}],"line":136},"7":{"loc":{"start":{"line":153,"column":24},"end":{"line":153,"column":null}},"type":"cond-expr","locations":[{"start":{"line":153,"column":45},"end":{"line":153,"column":74}},{"start":{"line":153,"column":74},"end":{"line":153,"column":null}}],"line":153},"8":{"loc":{"start":{"line":167,"column":24},"end":{"line":167,"column":null}},"type":"cond-expr","locations":[{"start":{"line":167,"column":39},"end":{"line":167,"column":61}},{"start":{"line":167,"column":61},"end":{"line":167,"column":null}}],"line":167},"9":{"loc":{"start":{"line":181,"column":24},"end":{"line":181,"column":null}},"type":"cond-expr","locations":[{"start":{"line":181,"column":42},"end":{"line":181,"column":67}},{"start":{"line":181,"column":67},"end":{"line":181,"column":null}}],"line":181},"10":{"loc":{"start":{"line":184,"column":11},"end":{"line":189,"column":null}},"type":"cond-expr","locations":[{"start":{"line":185,"column":12},"end":{"line":185,"column":null}},{"start":{"line":187,"column":12},"end":{"line":189,"column":null}}],"line":184}},"s":{"0":1,"1":20,"2":20,"3":20,"4":20,"5":20,"6":20,"7":20,"8":4,"9":1,"10":20,"11":12,"12":12,"13":12,"14":12,"15":12,"16":20,"17":3,"18":3,"19":18,"20":6,"21":3,"22":3,"23":20,"24":3,"25":3,"26":1,"27":2,"28":2,"29":1,"30":1,"31":20,"32":0},"f":{"0":20,"1":4,"2":12,"3":12,"4":12,"5":3,"6":18,"7":3,"8":0},"b":{"0":[1,3],"1":[6,12],"2":[1,2],"3":[2,18],"4":[1,19],"5":[1,19],"6":[1,19],"7":[1,19],"8":[1,19],"9":[1,19],"10":[0,20]},"meta":{"lastBranch":11,"lastFunction":9,"lastStatement":33,"seen":{"s:15:15:202:Infinity":0,"f:15:15:15:21":0,"s:16:23:23:Infinity":1,"s:25:30:25:Infinity":2,"s:26:26:26:Infinity":3,"s:27:32:27:Infinity":4,"s:28:8:28:Infinity":5,"s:29:43:29:Infinity":6,"s:31:2:35:Infinity":7,"f:31:12:31:18":1,"b:32:4:34:Infinity:undefined:undefined:undefined:undefined":0,"s:32:4:34:Infinity":8,"s:33:6:33:Infinity":9,"s:37:23:49:Infinity":10,"f:37:23:37:24":2,"s:38:28:38:Infinity":11,"s:40:4:43:Infinity":12,"f:40:16:40:17":3,"s:40:27:43:6":13,"s:45:4:48:Infinity":14,"f:45:14:45:15":4,"s:45:25:48:6":15,"s:51:23:63:Infinity":16,"f:51:23:51:29":5,"s:52:47:52:Infinity":17,"s:54:4:58:Infinity":18,"f:54:37:54:38":6,"b:55:6:57:Infinity:undefined:undefined:undefined:undefined":1,"s:55:6:57:Infinity":19,"s:56:8:56:Infinity":20,"s:60:4:60:Infinity":21,"s:62:4:62:Infinity":22,"s:65:23:76:Infinity":23,"f:65:23:65:30":7,"s:66:4:66:Infinity":24,"b:68:4:68:Infinity:undefined:undefined:undefined:undefined":2,"s:68:4:68:Infinity":25,"s:68:25:68:Infinity":26,"s:70:4:75:Infinity":27,"s:71:6:71:Infinity":28,"s:72:6:72:Infinity":29,"s:74:6:74:Infinity":30,"s:78:2:200:Infinity":31,"b:82:17:82:53:82:53:82:Infinity":3,"f:83:17:83:23":8,"s:83:23:83:Infinity":32,"b:109:43:109:70:109:70:109:Infinity":4,"b:122:42:122:68:122:68:122:Infinity":5,"b:136:40:136:63:136:63:136:Infinity":6,"b:153:45:153:74:153:74:153:Infinity":7,"b:167:39:167:61:167:61:167:Infinity":8,"b:181:42:181:67:181:67:181:Infinity":9,"b:185:12:185:Infinity:187:12:189:Infinity":10},"fnNames":{}}}
,"D:\\Archblog Application\\ArchBlog\\archblog-frontend\\src\\utils\\apiError.ts": {"path":"D:\\Archblog Application\\ArchBlog\\archblog-frontend\\src\\utils\\apiError.ts","statementMap":{"0":{"start":{"line":4,"column":34},"end":{"line":36,"column":null}},"1":{"start":{"line":7,"column":2},"end":{"line":33,"column":null}},"2":{"start":{"line":8,"column":4},"end":{"line":10,"column":null}},"3":{"start":{"line":9,"column":6},"end":{"line":9,"column":null}},"4":{"start":{"line":12,"column":4},"end":{"line":14,"column":null}},"5":{"start":{"line":13,"column":6},"end":{"line":13,"column":null}},"6":{"start":{"line":16,"column":4},"end":{"line":32,"column":null}},"7":{"start":{"line":17,"column":6},"end":{"line":19,"column":null}},"8":{"start":{"line":18,"column":8},"end":{"line":18,"column":null}},"9":{"start":{"line":21,"column":6},"end":{"line":23,"column":null}},"10":{"start":{"line":22,"column":8},"end":{"line":22,"column":null}},"11":{"start":{"line":25,"column":6},"end":{"line":27,"column":null}},"12":{"start":{"line":26,"column":8},"end":{"line":26,"column":null}},"13":{"start":{"line":29,"column":6},"end":{"line":31,"column":null}},"14":{"start":{"line":30,"column":8},"end":{"line":30,"column":null}},"15":{"start":{"line":35,"column":2},"end":{"line":35,"column":null}}},"fnMap":{"0":{"name":"(anonymous_0)","decl":{"start":{"line":4,"column":34},"end":{"line":4,"column":null}},"loc":{"start":{"line":6,"column":13},"end":{"line":36,"column":null}},"line":6}},"branchMap":{"0":{"loc":{"start":{"line":7,"column":2},"end":{"line":33,"column":null}},"type":"if","locations":[{"start":{"line":7,"column":2},"end":{"line":33,"column":null}},{"start":{},"end":{}}],"line":7},"1":{"loc":{"start":{"line":8,"column":4},"end":{"line":10,"column":null}},"type":"if","locations":[{"start":{"line":8,"column":4},"end":{"line":10,"column":null}},{"start":{},"end":{}}],"line":8},"2":{"loc":{"start":{"line":12,"column":4},"end":{"line":14,"column":null}},"type":"if","locations":[{"start":{"line":12,"column":4},"end":{"line":14,"column":null}},{"start":{},"end":{}}],"line":12},"3":{"loc":{"start":{"line":16,"column":4},"end":{"line":32,"column":null}},"type":"if","locations":[{"start":{"line":16,"column":4},"end":{"line":32,"column":null}},{"start":{},"end":{}}],"line":16},"4":{"loc":{"start":{"line":17,"column":6},"end":{"line":19,"column":null}},"type":"if","locations":[{"start":{"line":17,"column":6},"end":{"line":19,"column":null}},{"start":{},"end":{}}],"line":17},"5":{"loc":{"start":{"line":21,"column":6},"end":{"line":23,"column":null}},"type":"if","locations":[{"start":{"line":21,"column":6},"end":{"line":23,"column":null}},{"start":{},"end":{}}],"line":21},"6":{"loc":{"start":{"line":25,"column":6},"end":{"line":27,"column":null}},"type":"if","locations":[{"start":{"line":25,"column":6},"end":{"line":27,"column":null}},{"start":{},"end":{}}],"line":25},"7":{"loc":{"start":{"line":29,"column":6},"end":{"line":31,"column":null}},"type":"if","locations":[{"start":{"line":29,"column":6},"end":{"line":31,"column":null}},{"start":{},"end":{}}],"line":29}},"s":{"0":9,"1":25,"2":24,"3":1,"4":23,"5":1,"6":22,"7":22,"8":18,"9":4,"10":1,"11":3,"12":1,"13":2,"14":1,"15":2},"f":{"0":25},"b":{"0":[24,1],"1":[1,23],"2":[1,22],"3":[22,0],"4":[18,4],"5":[1,3],"6":[1,2],"7":[1,1]},"meta":{"lastBranch":8,"lastFunction":1,"lastStatement":16,"seen":{"s:4:34:36:Infinity":0,"f:4:34:4:Infinity":0,"b:7:2:33:Infinity:undefined:undefined:undefined:undefined":0,"s:7:2:33:Infinity":1,"b:8:4:10:Infinity:undefined:undefined:undefined:undefined":1,"s:8:4:10:Infinity":2,"s:9:6:9:Infinity":3,"b:12:4:14:Infinity:undefined:undefined:undefined:undefined":2,"s:12:4:14:Infinity":4,"s:13:6:13:Infinity":5,"b:16:4:32:Infinity:undefined:undefined:undefined:undefined":3,"s:16:4:32:Infinity":6,"b:17:6:19:Infinity:undefined:undefined:undefined:undefined":4,"s:17:6:19:Infinity":7,"s:18:8:18:Infinity":8,"b:21:6:23:Infinity:undefined:undefined:undefined:undefined":5,"s:21:6:23:Infinity":9,"s:22:8:22:Infinity":10,"b:25:6:27:Infinity:undefined:undefined:undefined:undefined":6,"s:25:6:27:Infinity":11,"s:26:8:26:Infinity":12,"b:29:6:31:Infinity:undefined:undefined:undefined:undefined":7,"s:29:6:31:Infinity":13,"s:30:8:30:Infinity":14,"s:35:2:35:Infinity":15},"fnNames":{}}}
,"D:\\Archblog Application\\ArchBlog\\archblog-frontend\\src\\utils\\helper.ts": {"path":"D:\\Archblog Application\\ArchBlog\\archblog-frontend\\src\\utils\\helper.ts","statementMap":{"0":{"start":{"line":1,"column":30},"end":{"line":14,"column":null}},"1":{"start":{"line":2,"column":19},"end":{"line":2,"column":null}},"2":{"start":{"line":4,"column":18},"end":{"line":4,"column":null}},"3":{"start":{"line":5,"column":18},"end":{"line":11,"column":null}},"4":{"start":{"line":13,"column":2},"end":{"line":13,"column":null}}},"fnMap":{"0":{"name":"(anonymous_0)","decl":{"start":{"line":1,"column":30},"end":{"line":1,"column":31}},"loc":{"start":{"line":1,"column":62},"end":{"line":14,"column":null}},"line":1}},"branchMap":{},"s":{"0":2,"1":14,"2":14,"3":14,"4":14},"f":{"0":14},"b":{},"meta":{"lastBranch":0,"lastFunction":1,"lastStatement":5,"seen":{"s:1:30:14:Infinity":0,"f:1:30:1:31":0,"s:2:19:2:Infinity":1,"s:4:18:4:Infinity":2,"s:5:18:11:Infinity":3,"s:13:2:13:Infinity":4},"fnNames":{}}}
}
